<?xml version="1.0" encoding="UTF-8"?>
<testsuite name="com.ktds.jirarestapiclient.JiraRestApiClientApplicationTests" tests="1" skipped="0" failures="0" errors="0" timestamp="2021-09-30T16:41:10" hostname="DESKTOP-GMFQE66" time="0.419">
  <properties/>
  <testcase name="contextLoads()" classname="com.ktds.jirarestapiclient.JiraRestApiClientApplicationTests" time="0.419"/>
  <system-out><![CDATA[01:41:00.376 [Test worker] DEBUG org.springframework.test.context.BootstrapUtils - Instantiating CacheAwareContextLoaderDelegate from class [org.springframework.test.context.cache.DefaultCacheAwareContextLoaderDelegate]
01:41:00.422 [Test worker] DEBUG org.springframework.test.context.BootstrapUtils - Instantiating BootstrapContext using constructor [public org.springframework.test.context.support.DefaultBootstrapContext(java.lang.Class,org.springframework.test.context.CacheAwareContextLoaderDelegate)]
01:41:00.568 [Test worker] DEBUG org.springframework.test.context.BootstrapUtils - Instantiating TestContextBootstrapper for test class [com.ktds.jirarestapiclient.JiraRestApiClientApplicationTests] from class [org.springframework.boot.test.context.SpringBootTestContextBootstrapper]
01:41:00.604 [Test worker] INFO org.springframework.boot.test.context.SpringBootTestContextBootstrapper - Neither @ContextConfiguration nor @ContextHierarchy found for test class [com.ktds.jirarestapiclient.JiraRestApiClientApplicationTests], using SpringBootContextLoader
01:41:00.615 [Test worker] DEBUG org.springframework.test.context.support.AbstractContextLoader - Did not detect default resource location for test class [com.ktds.jirarestapiclient.JiraRestApiClientApplicationTests]: class path resource [com/ktds/jirarestapiclient/JiraRestApiClientApplicationTests-context.xml] does not exist
01:41:00.626 [Test worker] DEBUG org.springframework.test.context.support.AbstractContextLoader - Did not detect default resource location for test class [com.ktds.jirarestapiclient.JiraRestApiClientApplicationTests]: class path resource [com/ktds/jirarestapiclient/JiraRestApiClientApplicationTestsContext.groovy] does not exist
01:41:00.627 [Test worker] INFO org.springframework.test.context.support.AbstractContextLoader - Could not detect default resource locations for test class [com.ktds.jirarestapiclient.JiraRestApiClientApplicationTests]: no resource found for suffixes {-context.xml, Context.groovy}.
01:41:00.628 [Test worker] INFO org.springframework.test.context.support.AnnotationConfigContextLoaderUtils - Could not detect default configuration classes for test class [com.ktds.jirarestapiclient.JiraRestApiClientApplicationTests]: JiraRestApiClientApplicationTests does not declare any static, non-private, non-final, nested classes annotated with @Configuration.
01:41:00.909 [Test worker] DEBUG org.springframework.test.context.support.ActiveProfilesUtils - Could not find an 'annotation declaring class' for annotation type [org.springframework.test.context.ActiveProfiles] and class [com.ktds.jirarestapiclient.JiraRestApiClientApplicationTests]
01:41:01.114 [Test worker] DEBUG org.springframework.context.annotation.ClassPathScanningCandidateComponentProvider - Identified candidate component class: file [C:\Users\think\OneDrive\Documents\workspace\jira-rest-api-client\build\classes\java\main\com\ktds\jirarestapiclient\JiraRestApiClientApplication.class]
01:41:01.121 [Test worker] INFO org.springframework.boot.test.context.SpringBootTestContextBootstrapper - Found @SpringBootConfiguration com.ktds.jirarestapiclient.JiraRestApiClientApplication for test class com.ktds.jirarestapiclient.JiraRestApiClientApplicationTests
01:41:01.468 [Test worker] DEBUG org.springframework.boot.test.context.SpringBootTestContextBootstrapper - @TestExecutionListeners is not present for class [com.ktds.jirarestapiclient.JiraRestApiClientApplicationTests]: using defaults.
01:41:01.469 [Test worker] INFO org.springframework.boot.test.context.SpringBootTestContextBootstrapper - Loaded default TestExecutionListener class names from location [META-INF/spring.factories]: [org.springframework.boot.test.autoconfigure.restdocs.RestDocsTestExecutionListener, org.springframework.boot.test.autoconfigure.web.client.MockRestServiceServerResetTestExecutionListener, org.springframework.boot.test.autoconfigure.web.servlet.MockMvcPrintOnlyOnFailureTestExecutionListener, org.springframework.boot.test.autoconfigure.web.servlet.WebDriverTestExecutionListener, org.springframework.boot.test.autoconfigure.webservices.client.MockWebServiceServerTestExecutionListener, org.springframework.boot.test.mock.mockito.MockitoTestExecutionListener, org.springframework.boot.test.mock.mockito.ResetMocksTestExecutionListener, org.springframework.test.context.web.ServletTestExecutionListener, org.springframework.test.context.support.DirtiesContextBeforeModesTestExecutionListener, org.springframework.test.context.event.ApplicationEventsTestExecutionListener, org.springframework.test.context.support.DependencyInjectionTestExecutionListener, org.springframework.test.context.support.DirtiesContextTestExecutionListener, org.springframework.test.context.transaction.TransactionalTestExecutionListener, org.springframework.test.context.jdbc.SqlScriptsTestExecutionListener, org.springframework.test.context.event.EventPublishingTestExecutionListener]
01:41:01.557 [Test worker] INFO org.springframework.boot.test.context.SpringBootTestContextBootstrapper - Using TestExecutionListeners: [org.springframework.test.context.web.ServletTestExecutionListener@58be6e8, org.springframework.test.context.support.DirtiesContextBeforeModesTestExecutionListener@7331196b, org.springframework.test.context.event.ApplicationEventsTestExecutionListener@3f9342d4, org.springframework.boot.test.mock.mockito.MockitoTestExecutionListener@ab7395e, org.springframework.boot.test.autoconfigure.SpringBootDependencyInjectionTestExecutionListener@50d13246, org.springframework.test.context.support.DirtiesContextTestExecutionListener@2bd08376, org.springframework.test.context.transaction.TransactionalTestExecutionListener@e70f13a, org.springframework.test.context.jdbc.SqlScriptsTestExecutionListener@3d3e5463, org.springframework.test.context.event.EventPublishingTestExecutionListener@64a40280, org.springframework.boot.test.autoconfigure.restdocs.RestDocsTestExecutionListener@4b40f651, org.springframework.boot.test.autoconfigure.web.client.MockRestServiceServerResetTestExecutionListener@42b02722, org.springframework.boot.test.autoconfigure.web.servlet.MockMvcPrintOnlyOnFailureTestExecutionListener@d62fe5b, org.springframework.boot.test.autoconfigure.web.servlet.WebDriverTestExecutionListener@49964d75, org.springframework.boot.test.autoconfigure.webservices.client.MockWebServiceServerTestExecutionListener@528c868, org.springframework.boot.test.mock.mockito.ResetMocksTestExecutionListener@466276d8]
01:41:01.570 [Test worker] DEBUG org.springframework.test.context.support.AbstractDirtiesContextTestExecutionListener - Before test class: context [DefaultTestContext@4331d187 testClass = JiraRestApiClientApplicationTests, testInstance = [null], testMethod = [null], testException = [null], mergedContextConfiguration = [WebMergedContextConfiguration@6f63b475 testClass = JiraRestApiClientApplicationTests, locations = '{}', classes = '{class com.ktds.jirarestapiclient.JiraRestApiClientApplication}', contextInitializerClasses = '[]', activeProfiles = '{}', propertySourceLocations = '{}', propertySourceProperties = '{org.springframework.boot.test.context.SpringBootTestContextBootstrapper=true}', contextCustomizers = set[org.springframework.boot.test.autoconfigure.actuate.metrics.MetricsExportContextCustomizerFactory$DisableMetricExportContextCustomizer@1750fbeb, org.springframework.boot.test.autoconfigure.properties.PropertyMappingContextCustomizer@0, org.springframework.boot.test.autoconfigure.web.servlet.WebDriverContextCustomizerFactory$Customizer@4a003cbe, org.springframework.boot.test.context.filter.ExcludeFilterContextCustomizer@359df09a, org.springframework.boot.test.json.DuplicateJsonObjectContextCustomizerFactory$DuplicateJsonObjectContextCustomizer@792b749c, org.springframework.boot.test.mock.mockito.MockitoContextCustomizer@0, org.springframework.boot.test.web.client.TestRestTemplateContextCustomizer@66982506, org.springframework.boot.test.context.SpringBootTestArgs@1, org.springframework.boot.test.context.SpringBootTestWebEnvironment@65466a6a], resourceBasePath = 'src/main/webapp', contextLoader = 'org.springframework.boot.test.context.SpringBootContextLoader', parent = [null]], attributes = map['org.springframework.test.context.web.ServletTestExecutionListener.activateListener' -> true]], class annotated with @DirtiesContext [false] with mode [null].
01:41:01.690 [Test worker] DEBUG org.springframework.test.context.support.TestPropertySourceUtils - Adding inlined properties to environment: {spring.jmx.enabled=false, org.springframework.boot.test.context.SpringBootTestContextBootstrapper=true}

  .   ____          _            __ _ _
 /\\ / ___'_ __ _ _(_)_ __  __ _ \ \ \ \
( ( )\___ | '_ | '_| | '_ \/ _` | \ \ \ \
 \\/  ___)| |_)| | | | | || (_| |  ) ) ) )
  '  |____| .__|_| |_|_| |_\__, | / / / /
 =========|_|==============|___/=/_/_/_/
 :: Spring Boot ::                (v2.5.5)

2021-10-01 01:41:03.268  INFO 19988 --- [    Test worker] c.k.j.JiraRestApiClientApplicationTests  : Starting JiraRestApiClientApplicationTests using Java 1.8.0_161 on DESKTOP-GMFQE66 with PID 19988 (started by think in C:\Users\think\OneDrive\Documents\workspace\jira-rest-api-client)
2021-10-01 01:41:03.272  INFO 19988 --- [    Test worker] c.k.j.JiraRestApiClientApplicationTests  : No active profile set, falling back to default profiles: default
2021-10-01 01:41:10.176  INFO 19988 --- [    Test worker] o.s.b.a.e.web.EndpointLinksResolver      : Exposing 1 endpoint(s) beneath base path '/actuator'
2021-10-01 01:41:10.293  INFO 19988 --- [    Test worker] c.k.j.JiraRestApiClientApplicationTests  : Started JiraRestApiClientApplicationTests in 8.582 seconds (JVM running for 14.502)
]]></system-out>
  <system-err><![CDATA[]]></system-err>
</testsuite>
