<?xml version="1.0" encoding="UTF-8"?>
<testsuite name="com.ktds.jirarestapiclient.JiraRestApiClientApplicationTests" tests="1" skipped="0" failures="0" errors="0" timestamp="2021-10-06T05:54:19" hostname="Macs-MacBook-Pro.local" time="2.479">
  <properties/>
  <testcase name="contextLoads()" classname="com.ktds.jirarestapiclient.JiraRestApiClientApplicationTests" time="2.479"/>
  <system-out><![CDATA[14:53:16.444 [Test worker] DEBUG org.springframework.test.context.BootstrapUtils - Instantiating CacheAwareContextLoaderDelegate from class [org.springframework.test.context.cache.DefaultCacheAwareContextLoaderDelegate]
14:53:16.662 [Test worker] DEBUG org.springframework.test.context.BootstrapUtils - Instantiating BootstrapContext using constructor [public org.springframework.test.context.support.DefaultBootstrapContext(java.lang.Class,org.springframework.test.context.CacheAwareContextLoaderDelegate)]
14:53:17.309 [Test worker] DEBUG org.springframework.test.context.BootstrapUtils - Instantiating TestContextBootstrapper for test class [com.ktds.jirarestapiclient.JiraRestApiClientApplicationTests] from class [org.springframework.boot.test.context.SpringBootTestContextBootstrapper]
14:53:17.514 [Test worker] INFO org.springframework.boot.test.context.SpringBootTestContextBootstrapper - Neither @ContextConfiguration nor @ContextHierarchy found for test class [com.ktds.jirarestapiclient.JiraRestApiClientApplicationTests], using SpringBootContextLoader
14:53:17.635 [Test worker] DEBUG org.springframework.test.context.support.AbstractContextLoader - Did not detect default resource location for test class [com.ktds.jirarestapiclient.JiraRestApiClientApplicationTests]: class path resource [com/ktds/jirarestapiclient/JiraRestApiClientApplicationTests-context.xml] does not exist
14:53:17.646 [Test worker] DEBUG org.springframework.test.context.support.AbstractContextLoader - Did not detect default resource location for test class [com.ktds.jirarestapiclient.JiraRestApiClientApplicationTests]: class path resource [com/ktds/jirarestapiclient/JiraRestApiClientApplicationTestsContext.groovy] does not exist
14:53:17.652 [Test worker] INFO org.springframework.test.context.support.AbstractContextLoader - Could not detect default resource locations for test class [com.ktds.jirarestapiclient.JiraRestApiClientApplicationTests]: no resource found for suffixes {-context.xml, Context.groovy}.
14:53:17.664 [Test worker] INFO org.springframework.test.context.support.AnnotationConfigContextLoaderUtils - Could not detect default configuration classes for test class [com.ktds.jirarestapiclient.JiraRestApiClientApplicationTests]: JiraRestApiClientApplicationTests does not declare any static, non-private, non-final, nested classes annotated with @Configuration.
14:53:18.641 [Test worker] DEBUG org.springframework.test.context.support.ActiveProfilesUtils - Could not find an 'annotation declaring class' for annotation type [org.springframework.test.context.ActiveProfiles] and class [com.ktds.jirarestapiclient.JiraRestApiClientApplicationTests]
14:53:19.660 [Test worker] DEBUG org.springframework.context.annotation.ClassPathScanningCandidateComponentProvider - Identified candidate component class: file [/Users/mac/Documents/workspace/jira-rest-api-client/build/classes/java/main/com/ktds/jirarestapiclient/JiraRestApiClientApplication.class]
14:53:19.668 [Test worker] INFO org.springframework.boot.test.context.SpringBootTestContextBootstrapper - Found @SpringBootConfiguration com.ktds.jirarestapiclient.JiraRestApiClientApplication for test class com.ktds.jirarestapiclient.JiraRestApiClientApplicationTests
14:53:20.833 [Test worker] DEBUG org.springframework.boot.test.context.SpringBootTestContextBootstrapper - @TestExecutionListeners is not present for class [com.ktds.jirarestapiclient.JiraRestApiClientApplicationTests]: using defaults.
14:53:20.839 [Test worker] INFO org.springframework.boot.test.context.SpringBootTestContextBootstrapper - Loaded default TestExecutionListener class names from location [META-INF/spring.factories]: [org.springframework.boot.test.autoconfigure.restdocs.RestDocsTestExecutionListener, org.springframework.boot.test.autoconfigure.web.client.MockRestServiceServerResetTestExecutionListener, org.springframework.boot.test.autoconfigure.web.servlet.MockMvcPrintOnlyOnFailureTestExecutionListener, org.springframework.boot.test.autoconfigure.web.servlet.WebDriverTestExecutionListener, org.springframework.boot.test.autoconfigure.webservices.client.MockWebServiceServerTestExecutionListener, org.springframework.boot.test.mock.mockito.MockitoTestExecutionListener, org.springframework.boot.test.mock.mockito.ResetMocksTestExecutionListener, org.springframework.test.context.web.ServletTestExecutionListener, org.springframework.test.context.support.DirtiesContextBeforeModesTestExecutionListener, org.springframework.test.context.event.ApplicationEventsTestExecutionListener, org.springframework.test.context.support.DependencyInjectionTestExecutionListener, org.springframework.test.context.support.DirtiesContextTestExecutionListener, org.springframework.test.context.transaction.TransactionalTestExecutionListener, org.springframework.test.context.jdbc.SqlScriptsTestExecutionListener, org.springframework.test.context.event.EventPublishingTestExecutionListener]
14:53:21.083 [Test worker] INFO org.springframework.boot.test.context.SpringBootTestContextBootstrapper - Using TestExecutionListeners: [org.springframework.test.context.web.ServletTestExecutionListener@3d9c13b5, org.springframework.test.context.support.DirtiesContextBeforeModesTestExecutionListener@492691d7, org.springframework.test.context.event.ApplicationEventsTestExecutionListener@27216cd, org.springframework.boot.test.mock.mockito.MockitoTestExecutionListener@558bdf1f, org.springframework.boot.test.autoconfigure.SpringBootDependencyInjectionTestExecutionListener@8576fa0, org.springframework.test.context.support.DirtiesContextTestExecutionListener@7582ff54, org.springframework.test.context.transaction.TransactionalTestExecutionListener@67545b57, org.springframework.test.context.jdbc.SqlScriptsTestExecutionListener@6c2c1385, org.springframework.test.context.event.EventPublishingTestExecutionListener@5f354bcf, org.springframework.boot.test.autoconfigure.restdocs.RestDocsTestExecutionListener@3daf7722, org.springframework.boot.test.autoconfigure.web.client.MockRestServiceServerResetTestExecutionListener@78641d23, org.springframework.boot.test.autoconfigure.web.servlet.MockMvcPrintOnlyOnFailureTestExecutionListener@74589991, org.springframework.boot.test.autoconfigure.web.servlet.WebDriverTestExecutionListener@146dfe6, org.springframework.boot.test.autoconfigure.webservices.client.MockWebServiceServerTestExecutionListener@4716be8b, org.springframework.boot.test.mock.mockito.ResetMocksTestExecutionListener@1fc32e4f]
14:53:21.179 [Test worker] DEBUG org.springframework.test.context.support.AbstractDirtiesContextTestExecutionListener - Before test class: context [DefaultTestContext@4ae9cfc1 testClass = JiraRestApiClientApplicationTests, testInstance = [null], testMethod = [null], testException = [null], mergedContextConfiguration = [WebMergedContextConfiguration@512baff6 testClass = JiraRestApiClientApplicationTests, locations = '{}', classes = '{class com.ktds.jirarestapiclient.JiraRestApiClientApplication}', contextInitializerClasses = '[]', activeProfiles = '{}', propertySourceLocations = '{}', propertySourceProperties = '{org.springframework.boot.test.context.SpringBootTestContextBootstrapper=true}', contextCustomizers = set[org.springframework.boot.test.autoconfigure.actuate.metrics.MetricsExportContextCustomizerFactory$DisableMetricExportContextCustomizer@15bb5034, org.springframework.boot.test.autoconfigure.properties.PropertyMappingContextCustomizer@0, org.springframework.boot.test.autoconfigure.web.servlet.WebDriverContextCustomizerFactory$Customizer@75d3a5e0, org.springframework.boot.test.context.filter.ExcludeFilterContextCustomizer@663c9e7a, org.springframework.boot.test.json.DuplicateJsonObjectContextCustomizerFactory$DuplicateJsonObjectContextCustomizer@53045c6c, org.springframework.boot.test.mock.mockito.MockitoContextCustomizer@0, org.springframework.boot.test.web.client.TestRestTemplateContextCustomizer@5f049ea1, org.springframework.boot.test.context.SpringBootTestArgs@1, org.springframework.boot.test.context.SpringBootTestWebEnvironment@2f177a4b], resourceBasePath = 'src/main/webapp', contextLoader = 'org.springframework.boot.test.context.SpringBootContextLoader', parent = [null]], attributes = map['org.springframework.test.context.web.ServletTestExecutionListener.activateListener' -> true]], class annotated with @DirtiesContext [false] with mode [null].
14:53:21.650 [Test worker] DEBUG org.springframework.test.context.support.TestPropertySourceUtils - Adding inlined properties to environment: {spring.jmx.enabled=false, org.springframework.boot.test.context.SpringBootTestContextBootstrapper=true}

  .   ____          _            __ _ _
 /\\ / ___'_ __ _ _(_)_ __  __ _ \ \ \ \
( ( )\___ | '_ | '_| | '_ \/ _` | \ \ \ \
 \\/  ___)| |_)| | | | | || (_| |  ) ) ) )
  '  |____| .__|_| |_|_| |_\__, | / / / /
 =========|_|==============|___/=/_/_/_/
 :: Spring Boot ::                (v2.5.5)

2021-10-06 14:53:26.973  INFO 59013 --- [    Test worker] c.k.j.JiraRestApiClientApplicationTests  : Starting JiraRestApiClientApplicationTests using Java 1.8.0_211 on Macs-MacBook-Pro.local with PID 59013 (started by mac in /Users/mac/Documents/workspace/jira-rest-api-client)
2021-10-06 14:53:27.057  INFO 59013 --- [    Test worker] c.k.j.JiraRestApiClientApplicationTests  : No active profile set, falling back to default profiles: default
2021-10-06 14:54:18.073  INFO 59013 --- [    Test worker] o.s.b.a.e.web.EndpointLinksResolver      : Exposing 1 endpoint(s) beneath base path '/actuator'
2021-10-06 14:54:19.127  INFO 59013 --- [    Test worker] c.k.j.JiraRestApiClientApplicationTests  : Started JiraRestApiClientApplicationTests in 57.402 seconds (JVM running for 75.845)
]]></system-out>
  <system-err><![CDATA[]]></system-err>
</testsuite>
